04122023 04:44:32 PM: INFO :********* TC_001_Login *********
04122023 04:44:32 PM: INFO :********* Verifying test_homePageTitle *********
04122023 04:44:34 PM: INFO :********* PASSED: test_homePageTitle *********
04122023 04:44:39 PM: INFO :********* Verifying test_login *********
04122023 04:44:50 PM: INFO :********* PASSED: test_login *********
04222023 03:09:46 PM: INFO :********* TC_001_Login *********
04222023 03:09:46 PM: INFO :********* Verifying test_homePageTitle *********
04222023 03:09:48 PM: INFO :********* PASSED: test_homePageTitle *********
04222023 03:09:52 PM: INFO :********* Verifying test_login *********
04222023 03:10:02 PM: INFO :********* PASSED: test_login *********
04222023 03:59:28 PM: INFO :********* Verifying test_login *********
04222023 03:59:28 PM: INFO :********* TC_001_Login *********
04222023 03:59:28 PM: INFO :********* Verifying test_homePageTitle *********
04222023 03:59:30 PM: INFO :********* PASSED: test_homePageTitle *********
04222023 03:59:38 PM: INFO :********* PASSED: test_login *********
04222023 04:09:40 PM: INFO :********* Verifying test_login *********
04222023 04:09:40 PM: INFO :********* TC_001_Login *********
04222023 04:09:40 PM: INFO :********* Verifying test_homePageTitle *********
04222023 04:09:42 PM: INFO :********* PASSED: test_homePageTitle *********
04222023 04:09:50 PM: INFO :********* PASSED: test_login *********
04222023 04:13:09 PM: INFO :********* TC_001_Login *********
04222023 04:13:09 PM: INFO :********* Verifying test_login *********
04222023 04:13:09 PM: INFO :********* Verifying test_homePageTitle *********
04222023 04:13:11 PM: INFO :********* PASSED: test_homePageTitle *********
04222023 04:13:19 PM: INFO :********* PASSED: test_login *********
04222023 04:19:10 PM: INFO :********* Verifying test_login *********
04222023 04:19:10 PM: INFO :********* TC_001_Login *********
04222023 04:19:10 PM: INFO :********* Verifying test_homePageTitle *********
04222023 04:19:12 PM: INFO :********* PASSED: test_homePageTitle *********
04222023 04:19:20 PM: INFO :********* PASSED: test_login *********
04252023 02:52:23 PM: INFO :********* Verifying Test_002_DDT_Login *********
04252023 02:52:23 PM: INFO :********* Verifying test_login_ddt *********
04252023 02:52:36 PM: INFO :*** Passed ***
04252023 02:52:37 PM: INFO :*** Login DDT Test is Passed ***
04252023 02:52:37 PM: INFO :*** END OF LOGIN DDT Test ***
04252023 02:52:37 PM: INFO :*** Completed Test_002_DDT_Login ***
04252023 02:55:25 PM: INFO :********* Verifying Test_002_DDT_Login *********
04252023 02:55:25 PM: INFO :********* Verifying test_login_ddt *********
04252023 02:55:38 PM: INFO :*** Passed ***
04252023 02:55:45 PM: INFO :*** Failed ***
04252023 02:55:52 PM: INFO :*** Passed ***
04252023 02:55:52 PM: INFO :*** Login DDT Test is Failed ***
04252023 02:58:09 PM: INFO :********* Verifying Test_002_DDT_Login *********
04252023 02:58:09 PM: INFO :********* Verifying test_login_ddt *********
04252023 02:58:22 PM: INFO :*** Passed ***
04252023 02:58:29 PM: INFO :*** Passed ***
04252023 02:58:34 PM: INFO :*** Passed ***
04252023 02:58:34 PM: INFO :*** Login DDT Test is Passed ***
04252023 02:58:34 PM: INFO :*** END OF LOGIN DDT Test ***
04252023 02:58:34 PM: INFO :*** Completed Test_002_DDT_Login ***
04252023 04:34:24 PM: INFO :********* Verifying test_login *********
04252023 04:34:24 PM: INFO :********* TC_001_Login *********
04252023 04:34:24 PM: INFO :********* Verifying test_homePageTitle *********
04252023 04:34:26 PM: INFO :********* PASSED: test_homePageTitle *********
04252023 04:34:33 PM: INFO :********* PASSED: test_login *********
04252023 04:34:53 PM: INFO :********* Verifying Test_002_DDT_Login *********
04252023 04:34:53 PM: INFO :********* Verifying test_login_ddt *********
04252023 04:35:07 PM: INFO :*** Passed ***
04252023 04:35:13 PM: INFO :*** Passed ***
04252023 04:35:19 PM: INFO :*** Passed ***
04252023 04:35:19 PM: INFO :*** Login DDT Test is Passed ***
04252023 04:35:19 PM: INFO :*** END OF LOGIN DDT Test ***
04252023 04:35:19 PM: INFO :*** Completed Test_002_DDT_Login ***
05012023 04:08:42 PM: INFO :**********Test 003 AddCustomers **********
05012023 04:08:52 PM: INFO :********** Login Successful **********
05012023 04:08:52 PM: INFO :********** Starting Add Customer Test **********
05012023 04:11:45 PM: INFO :**********Test 003 AddCustomers **********
05012023 04:11:54 PM: INFO :********** Login Successful **********
05012023 04:11:54 PM: INFO :********** Starting Add Customer Test **********
05012023 04:17:44 PM: INFO :**********Test 003 AddCustomers **********
05012023 04:17:54 PM: INFO :********** Login Successful **********
05012023 04:17:54 PM: INFO :********** Starting Add Customer Test **********
05012023 04:18:00 PM: INFO :********** Providing Customer Info **********
05012023 04:18:51 PM: INFO :**********Test 003 AddCustomers **********
05012023 04:19:00 PM: INFO :********** Login Successful **********
05012023 04:19:00 PM: INFO :********** Starting Add Customer Test **********
05012023 04:19:05 PM: INFO :********** Providing Customer Info **********
05012023 04:21:09 PM: INFO :**********Test 003 AddCustomers **********
05012023 04:21:18 PM: INFO :********** Login Successful **********
05012023 04:21:18 PM: INFO :********** Starting Add Customer Test **********
05012023 04:21:23 PM: INFO :********** Providing Customer Info **********
05012023 04:22:16 PM: INFO :**********Test 003 AddCustomers **********
05012023 04:22:25 PM: INFO :********** Login Successful **********
05012023 04:22:25 PM: INFO :********** Starting Add Customer Test **********
05012023 04:22:30 PM: INFO :********** Providing Customer Info **********
05012023 04:24:44 PM: INFO :**********Test 003 AddCustomers **********
05012023 04:24:53 PM: INFO :********** Login Successful **********
05012023 04:24:53 PM: INFO :********** Starting Add Customer Test **********
05012023 04:24:58 PM: INFO :********** Providing Customer Info **********
05012023 04:25:28 PM: INFO :**********Test 003 AddCustomers **********
05012023 04:25:37 PM: INFO :********** Login Successful **********
05012023 04:25:37 PM: INFO :********** Starting Add Customer Test **********
05012023 04:25:42 PM: INFO :********** Providing Customer Info **********
05012023 04:27:10 PM: INFO :**********Test 003 AddCustomers **********
05012023 04:27:20 PM: INFO :********** Login Successful **********
05012023 04:27:20 PM: INFO :********** Starting Add Customer Test **********
05012023 04:27:24 PM: INFO :********** Providing Customer Info **********
05012023 04:30:50 PM: INFO :**********Test 003 AddCustomers **********
05012023 04:30:59 PM: INFO :********** Login Successful **********
05012023 04:30:59 PM: INFO :********** Starting Add Customer Test **********
05012023 04:31:03 PM: INFO :********** Providing Customer Info **********
05012023 04:31:03 PM: INFO :********** Email entered **********
05012023 04:31:03 PM: INFO :********** Password entered **********
05012023 04:31:03 PM: INFO :********** FirstName entered **********
05012023 04:31:04 PM: INFO :********** Last Name entered **********
05012023 04:31:04 PM: INFO :********** Gender Selected **********
05012023 04:31:05 PM: INFO :********** DOB entered **********
05012023 04:31:05 PM: INFO :********** Company entered **********
05012023 04:31:05 PM: INFO :********** Checked In Tax Exempt **********
05012023 04:32:16 PM: INFO :**********Test 003 AddCustomers **********
05012023 04:32:25 PM: INFO :********** Login Successful **********
05012023 04:32:25 PM: INFO :********** Starting Add Customer Test **********
05012023 04:32:30 PM: INFO :********** Providing Customer Info **********
05012023 04:32:30 PM: INFO :********** Email entered **********
05012023 04:32:30 PM: INFO :********** Password entered **********
05012023 04:32:30 PM: INFO :********** FirstName entered **********
05012023 04:32:30 PM: INFO :********** Last Name entered **********
05012023 04:32:30 PM: INFO :********** Gender Selected **********
05012023 04:32:31 PM: INFO :********** DOB entered **********
05012023 04:32:31 PM: INFO :********** Company entered **********
05012023 04:32:31 PM: INFO :********** Checked In Tax Exempt **********
05012023 04:33:47 PM: INFO :**********Test 003 AddCustomers **********
05012023 04:33:56 PM: INFO :********** Login Successful **********
05012023 04:33:56 PM: INFO :********** Starting Add Customer Test **********
05012023 04:34:01 PM: INFO :********** Providing Customer Info **********
05012023 04:34:01 PM: INFO :********** Email entered **********
05012023 04:34:01 PM: INFO :********** Password entered **********
05012023 04:34:01 PM: INFO :********** FirstName entered **********
05012023 04:34:01 PM: INFO :********** Last Name entered **********
05012023 04:34:02 PM: INFO :********** Gender Selected **********
05012023 04:34:03 PM: INFO :********** DOB entered **********
05012023 04:34:03 PM: INFO :********** Company entered **********
05012023 04:34:03 PM: INFO :********** Checked In Tax Exempt **********
05012023 04:35:25 PM: INFO :**********Test 003 AddCustomers **********
05012023 04:35:35 PM: INFO :********** Login Successful **********
05012023 04:35:35 PM: INFO :********** Starting Add Customer Test **********
05012023 04:35:39 PM: INFO :********** Providing Customer Info **********
05012023 04:35:39 PM: INFO :********** Email entered **********
05012023 04:35:39 PM: INFO :********** Password entered **********
05012023 04:35:40 PM: INFO :********** FirstName entered **********
05012023 04:35:40 PM: INFO :********** Last Name entered **********
05012023 04:35:40 PM: INFO :********** Gender Selected **********
05012023 04:35:41 PM: INFO :********** DOB entered **********
05012023 04:35:41 PM: INFO :********** Company entered **********
05012023 04:35:41 PM: INFO :********** Checked In Tax Exempt **********
05012023 04:36:04 PM: INFO :**********Test 003 AddCustomers **********
05012023 04:36:13 PM: INFO :********** Login Successful **********
05012023 04:36:13 PM: INFO :********** Starting Add Customer Test **********
05012023 04:36:18 PM: INFO :********** Providing Customer Info **********
05012023 04:36:18 PM: INFO :********** Email entered **********
05012023 04:36:18 PM: INFO :********** Password entered **********
05012023 04:36:18 PM: INFO :********** FirstName entered **********
05012023 04:36:19 PM: INFO :********** Last Name entered **********
05012023 04:36:19 PM: INFO :********** Gender Selected **********
05012023 04:36:20 PM: INFO :********** DOB entered **********
05012023 04:36:20 PM: INFO :********** Company entered **********
05012023 04:36:20 PM: INFO :********** Checked In Tax Exempt **********
05012023 04:37:40 PM: INFO :**********Test 003 AddCustomers **********
05012023 04:37:49 PM: INFO :********** Login Successful **********
05012023 04:37:49 PM: INFO :********** Starting Add Customer Test **********
05012023 04:37:55 PM: INFO :********** Providing Customer Info **********
05012023 04:37:55 PM: INFO :********** Email entered **********
05012023 04:37:55 PM: INFO :********** Password entered **********
05012023 04:37:55 PM: INFO :********** FirstName entered **********
05012023 04:37:55 PM: INFO :********** Last Name entered **********
05012023 04:37:56 PM: INFO :********** Gender Selected **********
05012023 04:37:56 PM: INFO :********** DOB entered **********
05012023 04:37:56 PM: INFO :********** Company entered **********
05012023 04:37:57 PM: INFO :********** Checked In Tax Exempt **********
05012023 04:54:00 PM: INFO :**********Test 003 AddCustomers **********
05012023 04:54:09 PM: INFO :********** Login Successful **********
05012023 04:54:09 PM: INFO :********** Starting Add Customer Test **********
05012023 04:54:14 PM: INFO :********** Providing Customer Info **********
05012023 04:54:14 PM: INFO :********** Email entered **********
05012023 04:54:14 PM: INFO :********** Password entered **********
05012023 04:54:14 PM: INFO :********** FirstName entered **********
05012023 04:54:14 PM: INFO :********** Last Name entered **********
05012023 04:54:15 PM: INFO :********** Gender Selected **********
05012023 04:54:16 PM: INFO :********** DOB entered **********
05012023 04:54:16 PM: INFO :********** Company entered **********
05012023 04:54:16 PM: INFO :********** Checked In Tax Exempt **********
05012023 04:54:26 PM: INFO :********** Customer roles selected **********
05012023 04:54:26 PM: INFO :********** Vendors selected **********
05012023 04:55:45 PM: INFO :**********Test 003 AddCustomers **********
05012023 04:55:54 PM: INFO :********** Login Successful **********
05012023 04:55:54 PM: INFO :********** Starting Add Customer Test **********
05012023 04:55:58 PM: INFO :********** Providing Customer Info **********
05012023 04:55:58 PM: INFO :********** Email entered **********
05012023 04:55:58 PM: INFO :********** Password entered **********
05012023 04:55:58 PM: INFO :********** FirstName entered **********
05012023 04:55:59 PM: INFO :********** Last Name entered **********
05012023 04:55:59 PM: INFO :********** Gender Selected **********
05012023 04:56:00 PM: INFO :********** DOB entered **********
05012023 04:56:00 PM: INFO :********** Company entered **********
05012023 04:56:00 PM: INFO :********** Checked In Tax Exempt **********
05012023 04:56:10 PM: INFO :********** Customer roles selected **********
05012023 04:56:10 PM: INFO :********** Vendors selected **********
05012023 04:56:10 PM: INFO :********** Check/Uncheck Active **********
05012023 04:56:30 PM: INFO :**********Test 003 AddCustomers **********
05012023 04:56:38 PM: INFO :********** Login Successful **********
05012023 04:56:38 PM: INFO :********** Starting Add Customer Test **********
05012023 04:56:42 PM: INFO :********** Providing Customer Info **********
05012023 04:56:42 PM: INFO :********** Email entered **********
05012023 04:56:42 PM: INFO :********** Password entered **********
05012023 04:56:42 PM: INFO :********** FirstName entered **********
05012023 04:56:43 PM: INFO :********** Last Name entered **********
05012023 04:56:43 PM: INFO :********** Gender Selected **********
05012023 04:56:44 PM: INFO :********** DOB entered **********
05012023 04:56:44 PM: INFO :********** Company entered **********
05012023 04:56:44 PM: INFO :********** Checked In Tax Exempt **********
05012023 04:56:54 PM: INFO :********** Customer roles selected **********
05012023 04:56:54 PM: INFO :********** Vendors selected **********
05012023 04:56:54 PM: INFO :********** Check/Uncheck Active **********
05012023 04:56:54 PM: INFO :********** Comments entered **********
05012023 04:56:54 PM: INFO :********** Clicked on save **********
05012023 04:56:54 PM: INFO :********** Saving Customer Info **********
05012023 04:58:11 PM: INFO :**********Test 003 AddCustomers **********
05012023 04:58:21 PM: INFO :********** Login Successful **********
05012023 04:58:21 PM: INFO :********** Starting Add Customer Test **********
05012023 04:58:25 PM: INFO :********** Providing Customer Info **********
05012023 04:58:25 PM: INFO :********** Email entered **********
05012023 04:58:25 PM: INFO :********** Password entered **********
05012023 04:58:25 PM: INFO :********** FirstName entered **********
05012023 04:58:26 PM: INFO :********** Last Name entered **********
05012023 04:58:26 PM: INFO :********** Gender Selected **********
05012023 04:58:27 PM: INFO :********** DOB entered **********
05012023 04:58:27 PM: INFO :********** Company entered **********
05012023 04:58:27 PM: INFO :********** Checked In Tax Exempt **********
05012023 04:58:37 PM: INFO :********** Customer roles selected **********
05012023 04:58:37 PM: INFO :********** Vendors selected **********
05012023 04:58:37 PM: INFO :********** Check/Uncheck Active **********
05012023 04:58:37 PM: INFO :********** Comments entered **********
05012023 04:58:37 PM: INFO :********** Clicked on save **********
05012023 04:58:37 PM: INFO :********** Saving Customer Info **********
05012023 05:08:51 PM: INFO :**********Test 003 AddCustomers **********
05012023 05:09:01 PM: INFO :********** Login Successful **********
05012023 05:09:01 PM: INFO :********** Starting Add Customer Test **********
05012023 05:09:06 PM: INFO :********** Providing Customer Info **********
05012023 05:09:06 PM: INFO :********** Email entered **********
05012023 05:09:06 PM: INFO :********** Password entered **********
05012023 05:09:06 PM: INFO :********** FirstName entered **********
05012023 05:09:06 PM: INFO :********** Last Name entered **********
05012023 05:09:07 PM: INFO :********** Gender Selected **********
05012023 05:09:07 PM: INFO :********** DOB entered **********
05012023 05:09:07 PM: INFO :********** Company entered **********
05012023 05:09:07 PM: INFO :********** Checked In Tax Exempt **********
05012023 05:09:17 PM: INFO :********** Customer roles selected **********
05012023 05:09:17 PM: INFO :********** Vendors selected **********
05012023 05:09:18 PM: INFO :********** Check/Uncheck Active **********
05012023 05:09:18 PM: INFO :********** Comments entered **********
05012023 05:09:18 PM: INFO :********** Clicked on save **********
05012023 05:09:18 PM: INFO :********** Saving Customer Info **********
05012023 05:11:50 PM: INFO :**********Test 003 AddCustomers **********
05012023 05:12:00 PM: INFO :********** Login Successful **********
05012023 05:12:00 PM: INFO :********** Starting Add Customer Test **********
05012023 05:12:04 PM: INFO :********** Providing Customer Info **********
05012023 05:12:04 PM: INFO :********** Email entered **********
05012023 05:12:05 PM: INFO :********** Password entered **********
05012023 05:12:05 PM: INFO :********** FirstName entered **********
05012023 05:12:05 PM: INFO :********** Last Name entered **********
05012023 05:12:05 PM: INFO :********** Gender Selected **********
05012023 05:12:06 PM: INFO :********** DOB entered **********
05012023 05:12:06 PM: INFO :********** Company entered **********
05012023 05:12:06 PM: INFO :********** Checked In Tax Exempt **********
05012023 05:12:16 PM: INFO :********** Customer roles selected **********
05012023 05:12:16 PM: INFO :********** Vendors selected **********
05012023 05:12:17 PM: INFO :********** Check/Uncheck Active **********
05012023 05:12:17 PM: INFO :********** Comments entered **********
05012023 05:12:17 PM: INFO :********** Clicked on save **********
05012023 05:12:17 PM: INFO :********** Saving Customer Info **********
05012023 05:12:17 PM: INFO :********** Add Customer Test Passed **********
05012023 05:13:54 PM: INFO :**********Test 003 AddCustomers **********
05012023 05:14:03 PM: INFO :********** Login Successful **********
05012023 05:14:03 PM: INFO :********** Starting Add Customer Test **********
05012023 05:14:08 PM: INFO :********** Providing Customer Info **********
05012023 05:14:08 PM: INFO :********** Email entered **********
05012023 05:14:08 PM: INFO :********** Password entered **********
05012023 05:14:08 PM: INFO :********** FirstName entered **********
05012023 05:14:09 PM: INFO :********** Last Name entered **********
05012023 05:14:09 PM: INFO :********** Gender Selected **********
05012023 05:14:10 PM: INFO :********** DOB entered **********
05012023 05:14:10 PM: INFO :********** Company entered **********
05012023 05:14:10 PM: INFO :********** Checked In Tax Exempt **********
05012023 05:14:20 PM: INFO :********** Customer roles selected **********
05012023 05:14:20 PM: INFO :********** Vendors selected **********
05012023 05:14:20 PM: INFO :********** Check/Uncheck Active **********
05012023 05:14:20 PM: INFO :********** Comments entered **********
05012023 05:14:20 PM: INFO :********** Clicked on save **********
05012023 05:14:20 PM: INFO :********** Saving Customer Info **********
05012023 05:14:26 PM: INFO :********** Add Customer Test Passed **********
05012023 05:15:26 PM: INFO :**********Test 003 AddCustomers **********
05012023 05:15:35 PM: INFO :********** Login Successful **********
05012023 05:15:35 PM: INFO :********** Starting Add Customer Test **********
05012023 05:15:40 PM: INFO :********** Providing Customer Info **********
05012023 05:15:40 PM: INFO :********** Email entered **********
05012023 05:15:40 PM: INFO :********** Password entered **********
05012023 05:15:40 PM: INFO :********** FirstName entered **********
05012023 05:15:40 PM: INFO :********** Last Name entered **********
05012023 05:15:41 PM: INFO :********** Gender Selected **********
05012023 05:15:42 PM: INFO :********** DOB entered **********
05012023 05:15:42 PM: INFO :********** Company entered **********
05012023 05:15:42 PM: INFO :********** Checked In Tax Exempt **********
05012023 05:15:51 PM: INFO :********** Customer roles selected **********
05012023 05:15:52 PM: INFO :********** Vendors selected **********
05012023 05:15:52 PM: INFO :********** Check/Uncheck Active **********
05012023 05:15:52 PM: INFO :********** Comments entered **********
05012023 05:15:57 PM: INFO :********** Clicked on save **********
05012023 05:15:57 PM: INFO :********** Saving Customer Info **********
05012023 05:16:03 PM: INFO :********** Add Customer Test Passed **********
05012023 05:21:32 PM: INFO :**********Test 003 AddCustomers **********
05012023 05:21:41 PM: INFO :********** Login Successful **********
05012023 05:21:41 PM: INFO :********** Starting Add Customer Test **********
05012023 05:21:46 PM: INFO :********** Providing Customer Info **********
05012023 05:21:46 PM: INFO :********** Email entered **********
05012023 05:21:46 PM: INFO :********** Password entered **********
05012023 05:21:46 PM: INFO :********** FirstName entered **********
05012023 05:21:46 PM: INFO :********** Last Name entered **********
05012023 05:21:46 PM: INFO :********** Gender Selected **********
05012023 05:21:47 PM: INFO :********** DOB entered **********
05012023 05:21:47 PM: INFO :********** Company entered **********
05012023 05:21:48 PM: INFO :********** Checked In Tax Exempt **********
05012023 05:21:57 PM: INFO :********** Customer roles selected **********
05012023 05:21:57 PM: INFO :********** Vendors selected **********
05012023 05:21:58 PM: INFO :********** Check/Uncheck Active **********
05012023 05:21:58 PM: INFO :********** Comments entered **********
05012023 05:22:03 PM: INFO :********** Clicked on save **********
05012023 05:22:03 PM: INFO :********** Saving Customer Info **********
05012023 05:22:09 PM: INFO :********** Add Customer Test Passed **********
05012023 05:25:39 PM: INFO :**********Test 003 AddCustomers **********
05012023 05:25:48 PM: INFO :********** Login Successful **********
05012023 05:25:48 PM: INFO :********** Starting Add Customer Test **********
05012023 05:25:54 PM: INFO :********** Providing Customer Info **********
05012023 05:25:54 PM: INFO :********** Email entered **********
05012023 05:25:54 PM: INFO :********** Password entered **********
05012023 05:25:54 PM: INFO :********** FirstName entered **********
05012023 05:25:54 PM: INFO :********** Last Name entered **********
05012023 05:25:55 PM: INFO :********** Gender Selected **********
05012023 05:25:55 PM: INFO :********** DOB entered **********
05012023 05:25:55 PM: INFO :********** Company entered **********
05012023 05:25:55 PM: INFO :********** Checked In Tax Exempt **********
05012023 05:26:05 PM: INFO :********** Customer roles selected **********
05012023 05:26:05 PM: INFO :********** Vendors selected **********
05012023 05:26:06 PM: INFO :********** Check/Uncheck Active **********
05012023 05:26:06 PM: INFO :********** Comments entered **********
05012023 05:26:11 PM: INFO :********** Clicked on save **********
05012023 05:26:11 PM: INFO :********** Saving Customer Info **********
05012023 05:26:17 PM: INFO :********** Add Customer Test Failed **********
05012023 05:28:21 PM: INFO :**********Test 003 AddCustomers **********
05012023 05:28:30 PM: INFO :********** Login Successful **********
05012023 05:28:30 PM: INFO :********** Starting Add Customer Test **********
05012023 05:28:34 PM: INFO :********** Providing Customer Info **********
05012023 05:28:34 PM: INFO :********** Email entered **********
05012023 05:28:34 PM: INFO :********** Password entered **********
05012023 05:28:34 PM: INFO :********** FirstName entered **********
05012023 05:28:35 PM: INFO :********** Last Name entered **********
05012023 05:28:35 PM: INFO :********** Gender Selected **********
05012023 05:28:36 PM: INFO :********** DOB entered **********
05012023 05:28:36 PM: INFO :********** Company entered **********
05012023 05:28:36 PM: INFO :********** Checked In Tax Exempt **********
05012023 05:28:46 PM: INFO :********** Customer roles selected **********
05012023 05:28:46 PM: INFO :********** Vendors selected **********
05012023 05:28:46 PM: INFO :********** Check/Uncheck Active **********
05012023 05:28:46 PM: INFO :********** Comments entered **********
05012023 05:28:52 PM: INFO :********** Clicked on save **********
05012023 05:28:52 PM: INFO :********** Saving Customer Info **********
05012023 05:28:58 PM: INFO :********** Add Customer Test Passed **********
05012023 05:28:58 PM: INFO :********** Ending Add Customer Test **********
05012023 05:30:38 PM: INFO :**********Test 003 AddCustomers **********
05012023 05:30:47 PM: INFO :********** Login Successful **********
05012023 05:30:47 PM: INFO :********** Starting Add Customer Test **********
05012023 05:30:51 PM: INFO :********** Providing Customer Info **********
05012023 05:30:51 PM: INFO :********** Email entered **********
05012023 05:30:51 PM: INFO :********** Password entered **********
05012023 05:30:52 PM: INFO :********** FirstName entered **********
05012023 05:30:52 PM: INFO :********** Last Name entered **********
05012023 05:30:52 PM: INFO :********** Gender Selected **********
05012023 05:30:53 PM: INFO :********** DOB entered **********
05012023 05:30:53 PM: INFO :********** Company entered **********
05012023 05:30:53 PM: INFO :********** Checked In Tax Exempt **********
05012023 05:31:03 PM: INFO :********** Customer roles selected **********
05012023 05:31:03 PM: INFO :********** Vendors selected **********
05012023 05:31:03 PM: INFO :********** Check/Uncheck Active **********
05012023 05:31:04 PM: INFO :********** Comments entered **********
05012023 05:31:10 PM: INFO :********** Clicked on save **********
05012023 05:31:10 PM: INFO :********** Saving Customer Info **********
05012023 05:31:15 PM: INFO :********** Add Customer Test Passed **********
05012023 05:31:15 PM: INFO :********** Ending Add Customer Test **********
05012023 05:32:13 PM: INFO :**********Test 003 AddCustomers **********
05012023 05:32:22 PM: INFO :********** Login Successful **********
05012023 05:32:22 PM: INFO :********** Starting Add Customer Test **********
05012023 05:32:26 PM: INFO :********** Providing Customer Info **********
05012023 05:32:26 PM: INFO :********** Email entered **********
05012023 05:32:27 PM: INFO :********** Password entered **********
05012023 05:32:27 PM: INFO :********** FirstName entered **********
05012023 05:32:27 PM: INFO :********** Last Name entered **********
05012023 05:32:27 PM: INFO :********** Gender Selected **********
05012023 05:32:28 PM: INFO :********** DOB entered **********
05012023 05:32:28 PM: INFO :********** Company entered **********
05012023 05:32:28 PM: INFO :********** Checked In Tax Exempt **********
05012023 05:32:38 PM: INFO :********** Customer roles selected **********
05012023 05:32:38 PM: INFO :********** Vendors selected **********
05012023 05:32:38 PM: INFO :********** Check/Uncheck Active **********
05012023 05:32:38 PM: INFO :********** Comments entered **********
05012023 05:32:44 PM: INFO :********** Clicked on save **********
05012023 05:32:44 PM: INFO :********** Saving Customer Info **********
05012023 05:32:49 PM: INFO :********** Add Customer Test Passed **********
05012023 05:32:49 PM: INFO :********** Ending Add Customer Test **********
05012023 05:40:16 PM: INFO :**********Test 003 AddCustomers **********
05012023 05:40:24 PM: INFO :********** Login Successful **********
05012023 05:40:24 PM: INFO :********** Starting Add Customer Test **********
05012023 05:40:29 PM: INFO :********** Providing Customer Info **********
05012023 05:40:29 PM: INFO :********** Email entered **********
05012023 05:40:30 PM: INFO :********** Password entered **********
05012023 05:40:30 PM: INFO :********** FirstName entered **********
05012023 05:40:30 PM: INFO :********** Last Name entered **********
05012023 05:40:31 PM: INFO :********** Gender Selected **********
05012023 05:40:31 PM: INFO :********** DOB entered **********
05012023 05:40:31 PM: INFO :********** Company entered **********
05012023 05:40:31 PM: INFO :********** Checked In Tax Exempt **********
05012023 05:40:41 PM: INFO :********** Customer roles selected **********
05012023 05:40:41 PM: INFO :********** Vendors selected **********
05012023 05:40:42 PM: INFO :********** Check/Uncheck Active **********
05012023 05:40:42 PM: INFO :********** Comments entered **********
05012023 05:40:48 PM: INFO :********** Clicked on save **********
05012023 05:40:48 PM: INFO :********** Saving Customer Info **********
05012023 05:40:53 PM: INFO :********** Add Customer Test Passed **********
05012023 05:40:53 PM: INFO :********** Ending Add Customer Test **********
05052023 12:55:33 PM: INFO :**********Test 003 AddCustomers **********
05052023 12:55:50 PM: INFO :********** Login Successful **********
05052023 12:55:50 PM: INFO :********** Starting Add Customer Test **********
05052023 12:56:06 PM: INFO :********** Providing Customer Info **********
05052023 12:56:07 PM: INFO :********** Email entered **********
05052023 12:56:07 PM: INFO :********** Password entered **********
05052023 12:56:08 PM: INFO :********** FirstName entered **********
05052023 12:56:08 PM: INFO :********** Last Name entered **********
05052023 12:56:09 PM: INFO :********** Gender Selected **********
05052023 12:56:09 PM: INFO :********** DOB entered **********
05052023 12:56:10 PM: INFO :********** Company entered **********
05052023 12:56:10 PM: INFO :********** Checked In Tax Exempt **********
05052023 12:56:21 PM: INFO :********** Customer roles selected **********
05052023 12:56:21 PM: INFO :********** Vendors selected **********
05052023 12:56:22 PM: INFO :********** Check/Uncheck Active **********
05052023 12:56:22 PM: INFO :********** Comments entered **********
05052023 12:56:31 PM: INFO :********** Clicked on save **********
05052023 12:56:31 PM: INFO :********** Saving Customer Info **********
05052023 12:56:37 PM: INFO :********** Add Customer Test Passed **********
05052023 12:56:37 PM: INFO :********** Ending Add Customer Test **********
